<?xml version="1.0" encoding="UTF-8"?>
<testng-results ignored="0" total="4" passed="4" failed="0" skipped="0">
  <reporter-output>
  </reporter-output>
  <suite started-at="2023-02-01T06:41:02 IST" name="Default suite" finished-at="2023-02-01T06:41:58 IST" duration-ms="55651">
    <groups>
      <group name="cucumber">
        <method signature="AbstractTestNGCucumberTests.runScenario(io.cucumber.testng.PickleWrapper,io.cucumber.testng.FeatureWrapper)[pri:0, instance:cucumberOptions.TestNGTestRunner@1f010bf0]" name="runScenario" class="io.cucumber.testng.AbstractTestNGCucumberTests"/>
      </group> <!-- cucumber -->
    </groups>
    <test started-at="2023-02-01T06:41:02 IST" name="Default test" finished-at="2023-02-01T06:41:58 IST" duration-ms="55651">
      <class name="cucumberOptions.TestNGTestRunner">
        <test-method is-config="true" signature="setUpClass(org.testng.ITestContext)[pri:0, instance:cucumberOptions.TestNGTestRunner@1f010bf0]" started-at="2023-02-01T06:41:02 IST" name="setUpClass" finished-at="2023-02-01T06:41:03 IST" duration-ms="751" status="PASS">
          <params>
            <param index="0">
              <value>
                <![CDATA[org.testng.TestRunner@77a074b4]]>
              </value>
            </param>
          </params>
          <reporter-output>
          </reporter-output>
        </test-method> <!-- setUpClass -->
        <test-method signature="runScenario(io.cucumber.testng.PickleWrapper,io.cucumber.testng.FeatureWrapper)[pri:0, instance:cucumberOptions.TestNGTestRunner@1f010bf0]" started-at="2023-02-01T06:41:03 IST" name="runScenario" description="Runs Cucumber Scenarios" data-provider="scenarios" finished-at="2023-02-01T06:41:47 IST" duration-ms="44526" status="PASS">
          <params>
            <param index="0">
              <value>
                <![CDATA["Verify DesignTime is Opened"]]>
              </value>
            </param>
            <param index="1">
              <value>
                <![CDATA["Verify Design Time Page"]]>
              </value>
            </param>
          </params>
          <reporter-output>
          </reporter-output>
        </test-method> <!-- runScenario -->
        <test-method signature="runScenario(io.cucumber.testng.PickleWrapper,io.cucumber.testng.FeatureWrapper)[pri:0, instance:cucumberOptions.TestNGTestRunner@1f010bf0]" started-at="2023-02-01T06:41:03 IST" name="runScenario" description="Runs Cucumber Scenarios" data-provider="scenarios" finished-at="2023-02-01T06:41:27 IST" duration-ms="24840" status="PASS">
          <params>
            <param index="0">
              <value>
                <![CDATA["Verify Login Scenarios"]]>
              </value>
            </param>
            <param index="1">
              <value>
                <![CDATA["Verify Login Page"]]>
              </value>
            </param>
          </params>
          <reporter-output>
          </reporter-output>
        </test-method> <!-- runScenario -->
        <test-method signature="runScenario(io.cucumber.testng.PickleWrapper,io.cucumber.testng.FeatureWrapper)[pri:0, instance:cucumberOptions.TestNGTestRunner@1f010bf0]" started-at="2023-02-01T06:41:03 IST" name="runScenario" description="Runs Cucumber Scenarios" data-provider="scenarios" finished-at="2023-02-01T06:41:24 IST" duration-ms="21375" status="PASS">
          <params>
            <param index="0">
              <value>
                <![CDATA["Verify Login Scenarios"]]>
              </value>
            </param>
            <param index="1">
              <value>
                <![CDATA["Verify Login Page"]]>
              </value>
            </param>
          </params>
          <reporter-output>
          </reporter-output>
        </test-method> <!-- runScenario -->
        <test-method signature="runScenario(io.cucumber.testng.PickleWrapper,io.cucumber.testng.FeatureWrapper)[pri:0, instance:cucumberOptions.TestNGTestRunner@1f010bf0]" started-at="2023-02-01T06:41:03 IST" name="runScenario" description="Runs Cucumber Scenarios" data-provider="scenarios" finished-at="2023-02-01T06:41:27 IST" duration-ms="24584" status="PASS">
          <params>
            <param index="0">
              <value>
                <![CDATA["Verify Login Scenarios"]]>
              </value>
            </param>
            <param index="1">
              <value>
                <![CDATA["Verify Login Page"]]>
              </value>
            </param>
          </params>
          <reporter-output>
          </reporter-output>
        </test-method> <!-- runScenario -->
        <test-method is-config="true" signature="tearDownClass()[pri:0, instance:cucumberOptions.TestNGTestRunner@1f010bf0]" started-at="2023-02-01T06:41:47 IST" name="tearDownClass" finished-at="2023-02-01T06:41:58 IST" duration-ms="10333" status="PASS">
          <reporter-output>
          </reporter-output>
        </test-method> <!-- tearDownClass -->
      </class> <!-- cucumberOptions.TestNGTestRunner -->
    </test> <!-- Default test -->
  </suite> <!-- Default suite -->
</testng-results>
