<?xml version="1.0" encoding="UTF-8"?>
<testng-results ignored="0" total="4" passed="4" failed="0" skipped="0">
  <reporter-output>
  </reporter-output>
  <suite started-at="2023-02-01T06:49:03 IST" name="Surefire suite" finished-at="2023-02-01T06:49:52 IST" duration-ms="48635">
    <groups>
      <group name="cucumber">
        <method signature="AbstractTestNGCucumberTests.runScenario(io.cucumber.testng.PickleWrapper,io.cucumber.testng.FeatureWrapper)[pri:0, instance:cucumberOptions.TestNGTestRunner@7b8b43c7]" name="runScenario" class="io.cucumber.testng.AbstractTestNGCucumberTests"/>
      </group> <!-- cucumber -->
    </groups>
    <test started-at="2023-02-01T06:49:03 IST" name="Surefire test" finished-at="2023-02-01T06:49:52 IST" duration-ms="48635">
      <class name="cucumberOptions.TestNGTestRunner">
        <test-method is-config="true" signature="setUpClass(org.testng.ITestContext)[pri:0, instance:cucumberOptions.TestNGTestRunner@7b8b43c7]" started-at="2023-02-01T06:49:03 IST" name="setUpClass" finished-at="2023-02-01T06:49:04 IST" duration-ms="662" status="PASS">
          <params>
            <param index="0">
              <value>
                <![CDATA[org.testng.TestRunner@13d9261f]]>
              </value>
            </param>
          </params>
          <reporter-output>
          </reporter-output>
        </test-method> <!-- setUpClass -->
        <test-method signature="runScenario(io.cucumber.testng.PickleWrapper,io.cucumber.testng.FeatureWrapper)[pri:0, instance:cucumberOptions.TestNGTestRunner@7b8b43c7]" started-at="2023-02-01T06:49:04 IST" name="runScenario" description="Runs Cucumber Scenarios" data-provider="scenarios" finished-at="2023-02-01T06:49:27 IST" duration-ms="22973" status="PASS">
          <params>
            <param index="0">
              <value>
                <![CDATA["Verify Login Scenarios"]]>
              </value>
            </param>
            <param index="1">
              <value>
                <![CDATA["Verify Login Page"]]>
              </value>
            </param>
          </params>
          <reporter-output>
          </reporter-output>
        </test-method> <!-- runScenario -->
        <test-method signature="runScenario(io.cucumber.testng.PickleWrapper,io.cucumber.testng.FeatureWrapper)[pri:0, instance:cucumberOptions.TestNGTestRunner@7b8b43c7]" started-at="2023-02-01T06:49:04 IST" name="runScenario" description="Runs Cucumber Scenarios" data-provider="scenarios" finished-at="2023-02-01T06:49:41 IST" duration-ms="37537" status="PASS">
          <params>
            <param index="0">
              <value>
                <![CDATA["Verify DesignTime is Opened"]]>
              </value>
            </param>
            <param index="1">
              <value>
                <![CDATA["Verify Design Time Page"]]>
              </value>
            </param>
          </params>
          <reporter-output>
          </reporter-output>
        </test-method> <!-- runScenario -->
        <test-method signature="runScenario(io.cucumber.testng.PickleWrapper,io.cucumber.testng.FeatureWrapper)[pri:0, instance:cucumberOptions.TestNGTestRunner@7b8b43c7]" started-at="2023-02-01T06:49:04 IST" name="runScenario" description="Runs Cucumber Scenarios" data-provider="scenarios" finished-at="2023-02-01T06:49:18 IST" duration-ms="13754" status="PASS">
          <params>
            <param index="0">
              <value>
                <![CDATA["Verify Login Scenarios"]]>
              </value>
            </param>
            <param index="1">
              <value>
                <![CDATA["Verify Login Page"]]>
              </value>
            </param>
          </params>
          <reporter-output>
          </reporter-output>
        </test-method> <!-- runScenario -->
        <test-method signature="runScenario(io.cucumber.testng.PickleWrapper,io.cucumber.testng.FeatureWrapper)[pri:0, instance:cucumberOptions.TestNGTestRunner@7b8b43c7]" started-at="2023-02-01T06:49:04 IST" name="runScenario" description="Runs Cucumber Scenarios" data-provider="scenarios" finished-at="2023-02-01T06:49:26 IST" duration-ms="21790" status="PASS">
          <params>
            <param index="0">
              <value>
                <![CDATA["Verify Login Scenarios"]]>
              </value>
            </param>
            <param index="1">
              <value>
                <![CDATA["Verify Login Page"]]>
              </value>
            </param>
          </params>
          <reporter-output>
          </reporter-output>
        </test-method> <!-- runScenario -->
        <test-method is-config="true" signature="tearDownClass()[pri:0, instance:cucumberOptions.TestNGTestRunner@7b8b43c7]" started-at="2023-02-01T06:49:41 IST" name="tearDownClass" finished-at="2023-02-01T06:49:52 IST" duration-ms="10390" status="PASS">
          <reporter-output>
          </reporter-output>
        </test-method> <!-- tearDownClass -->
      </class> <!-- cucumberOptions.TestNGTestRunner -->
    </test> <!-- Surefire test -->
  </suite> <!-- Surefire suite -->
</testng-results>
