<?xml version="1.0" encoding="UTF-8"?>
<testng-results ignored="0" total="4" passed="4" failed="0" skipped="0">
  <reporter-output>
  </reporter-output>
  <suite started-at="2023-02-01T10:24:24 IST" name="Default suite" finished-at="2023-02-01T10:25:09 IST" duration-ms="45226">
    <groups>
      <group name="cucumber">
        <method signature="AbstractTestNGCucumberTests.runScenario(io.cucumber.testng.PickleWrapper,io.cucumber.testng.FeatureWrapper)[pri:0, instance:cucumberOptions.TestNGTestRunner@1f010bf0]" name="runScenario" class="io.cucumber.testng.AbstractTestNGCucumberTests"/>
      </group> <!-- cucumber -->
    </groups>
    <test started-at="2023-02-01T10:24:24 IST" name="Default test" finished-at="2023-02-01T10:25:09 IST" duration-ms="45226">
      <class name="cucumberOptions.TestNGTestRunner">
        <test-method is-config="true" signature="setUpClass(org.testng.ITestContext)[pri:0, instance:cucumberOptions.TestNGTestRunner@1f010bf0]" started-at="2023-02-01T10:24:24 IST" name="setUpClass" finished-at="2023-02-01T10:24:25 IST" duration-ms="687" status="PASS">
          <params>
            <param index="0">
              <value>
                <![CDATA[org.testng.TestRunner@58f39564]]>
              </value>
            </param>
          </params>
          <reporter-output>
          </reporter-output>
        </test-method> <!-- setUpClass -->
        <test-method signature="runScenario(io.cucumber.testng.PickleWrapper,io.cucumber.testng.FeatureWrapper)[pri:0, instance:cucumberOptions.TestNGTestRunner@1f010bf0]" started-at="2023-02-01T10:24:25 IST" name="runScenario" description="Runs Cucumber Scenarios" data-provider="scenarios" finished-at="2023-02-01T10:24:37 IST" duration-ms="12347" status="PASS">
          <params>
            <param index="0">
              <value>
                <![CDATA["Verify Login Scenarios"]]>
              </value>
            </param>
            <param index="1">
              <value>
                <![CDATA["Verify Login Page"]]>
              </value>
            </param>
          </params>
          <reporter-output>
          </reporter-output>
        </test-method> <!-- runScenario -->
        <test-method signature="runScenario(io.cucumber.testng.PickleWrapper,io.cucumber.testng.FeatureWrapper)[pri:0, instance:cucumberOptions.TestNGTestRunner@1f010bf0]" started-at="2023-02-01T10:24:25 IST" name="runScenario" description="Runs Cucumber Scenarios" data-provider="scenarios" finished-at="2023-02-01T10:24:48 IST" duration-ms="23095" status="PASS">
          <params>
            <param index="0">
              <value>
                <![CDATA["Verify Login Scenarios"]]>
              </value>
            </param>
            <param index="1">
              <value>
                <![CDATA["Verify Login Page"]]>
              </value>
            </param>
          </params>
          <reporter-output>
          </reporter-output>
        </test-method> <!-- runScenario -->
        <test-method signature="runScenario(io.cucumber.testng.PickleWrapper,io.cucumber.testng.FeatureWrapper)[pri:0, instance:cucumberOptions.TestNGTestRunner@1f010bf0]" started-at="2023-02-01T10:24:25 IST" name="runScenario" description="Runs Cucumber Scenarios" data-provider="scenarios" finished-at="2023-02-01T10:24:48 IST" duration-ms="22764" status="PASS">
          <params>
            <param index="0">
              <value>
                <![CDATA["Verify Login Scenarios"]]>
              </value>
            </param>
            <param index="1">
              <value>
                <![CDATA["Verify Login Page"]]>
              </value>
            </param>
          </params>
          <reporter-output>
          </reporter-output>
        </test-method> <!-- runScenario -->
        <test-method signature="runScenario(io.cucumber.testng.PickleWrapper,io.cucumber.testng.FeatureWrapper)[pri:0, instance:cucumberOptions.TestNGTestRunner@1f010bf0]" started-at="2023-02-01T10:24:25 IST" name="runScenario" description="Runs Cucumber Scenarios" data-provider="scenarios" finished-at="2023-02-01T10:24:59 IST" duration-ms="34163" status="PASS">
          <params>
            <param index="0">
              <value>
                <![CDATA["Verify DesignTime is Opened"]]>
              </value>
            </param>
            <param index="1">
              <value>
                <![CDATA["Verify Design Time Page"]]>
              </value>
            </param>
          </params>
          <reporter-output>
          </reporter-output>
        </test-method> <!-- runScenario -->
        <test-method is-config="true" signature="tearDownClass()[pri:0, instance:cucumberOptions.TestNGTestRunner@1f010bf0]" started-at="2023-02-01T10:24:59 IST" name="tearDownClass" finished-at="2023-02-01T10:25:09 IST" duration-ms="10335" status="PASS">
          <reporter-output>
          </reporter-output>
        </test-method> <!-- tearDownClass -->
      </class> <!-- cucumberOptions.TestNGTestRunner -->
    </test> <!-- Default test -->
  </suite> <!-- Default suite -->
</testng-results>
